Project101/app/build/intermediates/manifest_merge_blame_file/debug/manifest-merger-blame-debug-report.txt
1<?xml version="1.0" encoding="utf-8"?>
2<manifest xmlns:android="http://schemas.android.com/apk/res/android"
3    package="com.example.project101"
4    android:versionCode="1"
5    android:versionName="1.0" >
6
7    <uses-sdk
8        android:minSdkVersion="24"
9        android:targetSdkVersion="34" />
10
11    <!-- Although the *SdkVersion is captured in gradle build files, this is required for non gradle builds -->
12    <!-- <uses-sdk android:minSdkVersion="14"/> -->
13    <uses-permission android:name="android.permission.ACCESS_NETWORK_STATE" />
13-->[com.google.firebase:firebase-database:20.3.0] AndroidManifest.xml:22:5-79
13-->[com.google.firebase:firebase-database:20.3.0] AndroidManifest.xml:22:22-76
14    <uses-permission android:name="android.permission.INTERNET" />
14-->[com.google.firebase:firebase-database:20.3.0] AndroidManifest.xml:23:5-67
14-->[com.google.firebase:firebase-database:20.3.0] AndroidManifest.xml:23:22-64
15
16    <permission
16-->[androidx.core:core:1.9.0] AndroidManifest.xml:22:5-24:47
17        android:name="com.example.project101.DYNAMIC_RECEIVER_NOT_EXPORTED_PERMISSION"
17-->[androidx.core:core:1.9.0] AndroidManifest.xml:23:9-81
18        android:protectionLevel="signature" />
18-->[androidx.core:core:1.9.0] AndroidManifest.xml:24:9-44
19
20    <uses-permission android:name="com.example.project101.DYNAMIC_RECEIVER_NOT_EXPORTED_PERMISSION" />
20-->[androidx.core:core:1.9.0] AndroidManifest.xml:26:5-97
20-->[androidx.core:core:1.9.0] AndroidManifest.xml:26:22-94
21
22    <application
22-->src\main\AndroidManifest.xml:5:5-49:19
23        android:allowBackup="true"
23-->src\main\AndroidManifest.xml:6:9-35
24        android:appComponentFactory="androidx.core.app.CoreComponentFactory"
24-->[androidx.core:core:1.9.0] AndroidManifest.xml:28:18-86
25        android:dataExtractionRules="@xml/data_extraction_rules"
25-->src\main\AndroidManifest.xml:7:9-65
26        android:debuggable="true"
27        android:extractNativeLibs="false"
28        android:fullBackupContent="@xml/backup_rules"
28-->src\main\AndroidManifest.xml:8:9-54
29        android:icon="@drawable/circard"
29-->src\main\AndroidManifest.xml:9:9-41
30        android:label="@string/simuwallett"
30-->src\main\AndroidManifest.xml:10:9-44
31        android:roundIcon="@drawable/circard"
31-->src\main\AndroidManifest.xml:11:9-46
32        android:supportsRtl="true"
32-->src\main\AndroidManifest.xml:12:9-35
33        android:testOnly="true"
34        android:theme="@style/Theme.Project101" >
34-->src\main\AndroidManifest.xml:13:9-48
35        <activity
35-->src\main\AndroidManifest.xml:15:9-17:40
36            android:name="com.example.project101.Cashwithdraw"
36-->src\main\AndroidManifest.xml:16:13-41
37            android:exported="false" />
37-->src\main\AndroidManifest.xml:17:13-37
38        <activity
38-->src\main\AndroidManifest.xml:18:9-20:40
39            android:name="com.example.project101.Pinchange"
39-->src\main\AndroidManifest.xml:19:13-38
40            android:exported="false" />
40-->src\main\AndroidManifest.xml:20:13-37
41        <activity
41-->src\main\AndroidManifest.xml:21:9-23:40
42            android:name="com.example.project101.Balance_Check"
42-->src\main\AndroidManifest.xml:22:13-42
43            android:exported="false" />
43-->src\main\AndroidManifest.xml:23:13-37
44        <activity
44-->src\main\AndroidManifest.xml:24:9-26:40
45            android:name="com.example.project101.Register"
45-->src\main\AndroidManifest.xml:25:13-37
46            android:exported="false" />
46-->src\main\AndroidManifest.xml:26:13-37
47        <activity
47-->src\main\AndroidManifest.xml:27:9-29:40
48            android:name="com.example.project101.UserProfile"
48-->src\main\AndroidManifest.xml:28:13-40
49            android:exported="false" />
49-->src\main\AndroidManifest.xml:29:13-37
50        <activity
50-->src\main\AndroidManifest.xml:30:9-32:40
51            android:name="com.example.project101.Login"
51-->src\main\AndroidManifest.xml:31:13-34
52            android:exported="false" />
52-->src\main\AndroidManifest.xml:32:13-37
53        <activity
53-->src\main\AndroidManifest.xml:33:9-35:40
54            android:name="com.example.project101.Dashboard"
54-->src\main\AndroidManifest.xml:34:13-38
55            android:exported="false" />
55-->src\main\AndroidManifest.xml:35:13-37
56        <activity
56-->src\main\AndroidManifest.xml:36:9-44:20
57            android:name="com.example.project101.MainActivity"
57-->src\main\AndroidManifest.xml:37:13-41
58            android:exported="true" >
58-->src\main\AndroidManifest.xml:38:13-36
59            <intent-filter>
59-->src\main\AndroidManifest.xml:39:13-43:29
60                <action android:name="android.intent.action.MAIN" />
60-->src\main\AndroidManifest.xml:40:17-69
60-->src\main\AndroidManifest.xml:40:25-66
61
62                <category android:name="android.intent.category.LAUNCHER" />
62-->src\main\AndroidManifest.xml:42:17-77
62-->src\main\AndroidManifest.xml:42:27-74
63            </intent-filter>
64        </activity>
65
66        <meta-data
66-->src\main\AndroidManifest.xml:46:9-48:57
67            android:name="preloaded_fonts"
67-->src\main\AndroidManifest.xml:47:13-43
68            android:resource="@array/preloaded_fonts" />
68-->src\main\AndroidManifest.xml:48:13-54
69
70        <service
70-->[com.google.firebase:firebase-database:20.3.0] AndroidManifest.xml:26:9-35:19
71            android:name="com.google.firebase.components.ComponentDiscoveryService"
71-->[com.google.firebase:firebase-database:20.3.0] AndroidManifest.xml:27:13-84
72            android:directBootAware="true"
72-->[com.google.firebase:firebase-common:20.4.2] AndroidManifest.xml:32:13-43
73            android:exported="false" >
73-->[com.google.firebase:firebase-database:20.3.0] AndroidManifest.xml:28:13-37
74            <meta-data
74-->[com.google.firebase:firebase-database:20.3.0] AndroidManifest.xml:29:13-31:85
75                android:name="com.google.firebase.components:com.google.firebase.database.FirebaseDatabaseKtxRegistrar"
75-->[com.google.firebase:firebase-database:20.3.0] AndroidManifest.xml:30:17-120
76                android:value="com.google.firebase.components.ComponentRegistrar" />
76-->[com.google.firebase:firebase-database:20.3.0] AndroidManifest.xml:31:17-82
77            <meta-data
77-->[com.google.firebase:firebase-database:20.3.0] AndroidManifest.xml:32:13-34:85
78                android:name="com.google.firebase.components:com.google.firebase.database.DatabaseRegistrar"
78-->[com.google.firebase:firebase-database:20.3.0] AndroidManifest.xml:33:17-109
79                android:value="com.google.firebase.components.ComponentRegistrar" />
79-->[com.google.firebase:firebase-database:20.3.0] AndroidManifest.xml:34:17-82
80            <meta-data
80-->[com.google.firebase:firebase-common-ktx:20.4.2] AndroidManifest.xml:12:13-14:85
81                android:name="com.google.firebase.components:com.google.firebase.ktx.FirebaseCommonLegacyRegistrar"
81-->[com.google.firebase:firebase-common-ktx:20.4.2] AndroidManifest.xml:13:17-116
82                android:value="com.google.firebase.components.ComponentRegistrar" />
82-->[com.google.firebase:firebase-common-ktx:20.4.2] AndroidManifest.xml:14:17-82
83            <meta-data
83-->[com.google.firebase:firebase-common:20.4.2] AndroidManifest.xml:35:13-37:85
84                android:name="com.google.firebase.components:com.google.firebase.FirebaseCommonKtxRegistrar"
84-->[com.google.firebase:firebase-common:20.4.2] AndroidManifest.xml:36:17-109
85                android:value="com.google.firebase.components.ComponentRegistrar" />
85-->[com.google.firebase:firebase-common:20.4.2] AndroidManifest.xml:37:17-82
86        </service>
87
88        <activity
88-->[com.google.android.gms:play-services-base:18.1.0] AndroidManifest.xml:20:9-22:45
89            android:name="com.google.android.gms.common.api.GoogleApiActivity"
89-->[com.google.android.gms:play-services-base:18.1.0] AndroidManifest.xml:20:19-85
90            android:exported="false"
90-->[com.google.android.gms:play-services-base:18.1.0] AndroidManifest.xml:22:19-43
91            android:theme="@android:style/Theme.Translucent.NoTitleBar" />
91-->[com.google.android.gms:play-services-base:18.1.0] AndroidManifest.xml:21:19-78
92
93        <provider
93-->[com.google.firebase:firebase-common:20.4.2] AndroidManifest.xml:23:9-28:39
94            android:name="com.google.firebase.provider.FirebaseInitProvider"
94-->[com.google.firebase:firebase-common:20.4.2] AndroidManifest.xml:24:13-77
95            android:authorities="com.example.project101.firebaseinitprovider"
95-->[com.google.firebase:firebase-common:20.4.2] AndroidManifest.xml:25:13-72
96            android:directBootAware="true"
96-->[com.google.firebase:firebase-common:20.4.2] AndroidManifest.xml:26:13-43
97            android:exported="false"
97-->[com.google.firebase:firebase-common:20.4.2] AndroidManifest.xml:27:13-37
98            android:initOrder="100" />
98-->[com.google.firebase:firebase-common:20.4.2] AndroidManifest.xml:28:13-36
99        <provider
99-->[androidx.emoji2:emoji2:1.2.0] AndroidManifest.xml:24:9-32:20
100            android:name="androidx.startup.InitializationProvider"
100-->[androidx.emoji2:emoji2:1.2.0] AndroidManifest.xml:25:13-67
101            android:authorities="com.example.project101.androidx-startup"
101-->[androidx.emoji2:emoji2:1.2.0] AndroidManifest.xml:26:13-68
102            android:exported="false" >
102-->[androidx.emoji2:emoji2:1.2.0] AndroidManifest.xml:27:13-37
103            <meta-data
103-->[androidx.emoji2:emoji2:1.2.0] AndroidManifest.xml:29:13-31:52
104                android:name="androidx.emoji2.text.EmojiCompatInitializer"
104-->[androidx.emoji2:emoji2:1.2.0] AndroidManifest.xml:30:17-75
105                android:value="androidx.startup" />
105-->[androidx.emoji2:emoji2:1.2.0] AndroidManifest.xml:31:17-49
106            <meta-data
106-->[androidx.lifecycle:lifecycle-process:2.6.2] AndroidManifest.xml:29:13-31:52
107                android:name="androidx.lifecycle.ProcessLifecycleInitializer"
107-->[androidx.lifecycle:lifecycle-process:2.6.2] AndroidManifest.xml:30:17-78
108                android:value="androidx.startup" />
108-->[androidx.lifecycle:lifecycle-process:2.6.2] AndroidManifest.xml:31:17-49
109            <meta-data
109-->[androidx.profileinstaller:profileinstaller:1.3.0] AndroidManifest.xml:29:13-31:52
110                android:name="androidx.profileinstaller.ProfileInstallerInitializer"
110-->[androidx.profileinstaller:profileinstaller:1.3.0] AndroidManifest.xml:30:17-85
111                android:value="androidx.startup" />
111-->[androidx.profileinstaller:profileinstaller:1.3.0] AndroidManifest.xml:31:17-49
112        </provider>
113
114        <meta-data
114-->[com.google.android.gms:play-services-basement:18.1.0] AndroidManifest.xml:21:9-23:69
115            android:name="com.google.android.gms.version"
115-->[com.google.android.gms:play-services-basement:18.1.0] AndroidManifest.xml:22:13-58
116            android:value="@integer/google_play_services_version" />
116-->[com.google.android.gms:play-services-basement:18.1.0] AndroidManifest.xml:23:13-66
117
118        <receiver
118-->[androidx.profileinstaller:profileinstaller:1.3.0] AndroidManifest.xml:34:9-52:20
119            android:name="androidx.profileinstaller.ProfileInstallReceiver"
119-->[androidx.profileinstaller:profileinstaller:1.3.0] AndroidManifest.xml:35:13-76
120            android:directBootAware="false"
120-->[androidx.profileinstaller:profileinstaller:1.3.0] AndroidManifest.xml:36:13-44
121            android:enabled="true"
121-->[androidx.profileinstaller:profileinstaller:1.3.0] AndroidManifest.xml:37:13-35
122            android:exported="true"
122-->[androidx.profileinstaller:profileinstaller:1.3.0] AndroidManifest.xml:38:13-36
123            android:permission="android.permission.DUMP" >
123-->[androidx.profileinstaller:profileinstaller:1.3.0] AndroidManifest.xml:39:13-57
124            <intent-filter>
124-->[androidx.profileinstaller:profileinstaller:1.3.0] AndroidManifest.xml:40:13-42:29
125                <action android:name="androidx.profileinstaller.action.INSTALL_PROFILE" />
125-->[androidx.profileinstaller:profileinstaller:1.3.0] AndroidManifest.xml:41:17-91
125-->[androidx.profileinstaller:profileinstaller:1.3.0] AndroidManifest.xml:41:25-88
126            </intent-filter>
127            <intent-filter>
127-->[androidx.profileinstaller:profileinstaller:1.3.0] AndroidManifest.xml:43:13-45:29
128                <action android:name="androidx.profileinstaller.action.SKIP_FILE" />
128-->[androidx.profileinstaller:profileinstaller:1.3.0] AndroidManifest.xml:44:17-85
128-->[androidx.profileinstaller:profileinstaller:1.3.0] AndroidManifest.xml:44:25-82
129            </intent-filter>
130            <intent-filter>
130-->[androidx.profileinstaller:profileinstaller:1.3.0] AndroidManifest.xml:46:13-48:29
131                <action android:name="androidx.profileinstaller.action.SAVE_PROFILE" />
131-->[androidx.profileinstaller:profileinstaller:1.3.0] AndroidManifest.xml:47:17-88
131-->[androidx.profileinstaller:profileinstaller:1.3.0] AndroidManifest.xml:47:25-85
132            </intent-filter>
133            <intent-filter>
133-->[androidx.profileinstaller:profileinstaller:1.3.0] AndroidManifest.xml:49:13-51:29
134                <action android:name="androidx.profileinstaller.action.BENCHMARK_OPERATION" />
134-->[androidx.profileinstaller:profileinstaller:1.3.0] AndroidManifest.xml:50:17-95
134-->[androidx.profileinstaller:profileinstaller:1.3.0] AndroidManifest.xml:50:25-92
135            </intent-filter>
136        </receiver>
137    </application>
138
139</manifest>